2019-09-30 12:22:48,458 [INFO] Activator:176 - 


2019-09-30 12:22:48,458 [INFO] Activator:177 - !SESSION log4j initialized
2019-09-30 12:22:50,999 [INFO] ApplicationProperties:181 - Using Application install path: D:\STM32CubeIDE_1.0.2\STM32CubeIDE\plugins\com.st.stm32cube.common.mx_5.3.0.201907110903
2019-09-30 12:22:51,014 [INFO] DbMcusXml:68 - Set database path to: D:\STM32CubeIDE_1.0.2\STM32CubeIDE\plugins\com.st.stm32cube.common.mx_5.3.0.201907110903\\db\/mcu/
2019-09-30 12:22:51,014 [INFO] DbBoardsPdsc:54 - Set plugin database path to: D:\STM32CubeIDE_1.0.2\STM32CubeIDE\plugins\com.st.stm32cube.common.mx_5.3.0.201907110903\\db\/plugins/boardmanager/
2019-09-30 12:22:51,030 [INFO] DbMcus:264 - Set plugin images path to: D:\STM32CubeIDE_1.0.2\STM32CubeIDE\plugins\com.st.stm32cube.common.mx_5.3.0.201907110903\\db\/plugins/mcufinder/images/
2019-09-30 12:22:51,030 [INFO] DbBoards:232 - Set plugin images path to: D:\STM32CubeIDE_1.0.2\STM32CubeIDE\plugins\com.st.stm32cube.common.mx_5.3.0.201907110903\\db\/plugins/mcufinder/images/
2019-09-30 12:22:51,030 [INFO] APIGFXSelector:72 - Set database path to: D:\STM32CubeIDE_1.0.2\STM32CubeIDE\plugins\com.st.stm32cube.common.mx_5.3.0.201907110903\\db\/plugins/mcufinder/mcu/
2019-09-30 12:22:51,046 [INFO] DbMcusAds:72 - Set database path to: C:\Users\Alessandro\.stmcufinder\plugins\mcufinder//mcu/
2019-09-30 12:22:51,046 [INFO] DbMcusDocs:92 - Set database path to: C:\Users\Alessandro\.stmcufinder\plugins\mcufinder//mcu/
2019-09-30 12:22:51,046 [INFO] DbMcusJson:59 - Set database path to: C:\Users\Alessandro\.stmcufinder\plugins\mcufinder//mcu/
2019-09-30 12:22:51,046 [INFO] DbBoardsDocs:84 - Set database path to: C:\Users\Alessandro\.stmcufinder\plugins\mcufinder//mcu/
2019-09-30 12:22:51,046 [INFO] DbBoardsJson:51 - Set database path to: C:\Users\Alessandro\.stmcufinder\plugins\mcufinder//mcu/
2019-09-30 12:22:51,327 [INFO] CrossReferenceDbSqlite:197 - Set database path to: C:\Users\Alessandro\.stmcufinder\plugins\mcufinder//mcu/cs/
2019-09-30 12:22:51,420 [INFO] RulesReader:52 - Compatibility file has been processed (156 Rules)
2019-09-30 12:22:51,639 [INFO] MicroXplorer:521 - Detected Java Version = 1.8.0_202
2019-09-30 12:22:51,639 [INFO] DbMcusXml:68 - Set database path to: D:\STM32CubeIDE_1.0.2\STM32CubeIDE\plugins\com.st.stm32cube.common.mx_5.3.0.201907110903\\db\/mcu/
2019-09-30 12:22:51,639 [INFO] DbBoardsPdsc:54 - Set plugin database path to: D:\STM32CubeIDE_1.0.2\STM32CubeIDE\plugins\com.st.stm32cube.common.mx_5.3.0.201907110903\\db\/plugins/boardmanager/
2019-09-30 12:22:51,639 [INFO] DbMcus:264 - Set plugin images path to: D:\STM32CubeIDE_1.0.2\STM32CubeIDE\plugins\com.st.stm32cube.common.mx_5.3.0.201907110903\\db\/plugins/mcufinder/images/
2019-09-30 12:22:51,639 [INFO] DbBoards:232 - Set plugin images path to: D:\STM32CubeIDE_1.0.2\STM32CubeIDE\plugins\com.st.stm32cube.common.mx_5.3.0.201907110903\\db\/plugins/mcufinder/images/
2019-09-30 12:22:51,639 [INFO] APIGFXSelector:72 - Set database path to: D:\STM32CubeIDE_1.0.2\STM32CubeIDE\plugins\com.st.stm32cube.common.mx_5.3.0.201907110903\\db\/plugins/mcufinder/mcu/
2019-09-30 12:22:51,655 [WARN] DbFile:31 - Overriding database path with different value: C:\Users\Alessandro\.stmcufinder\plugins\mcufinder/ => C:\Users\Alessandro\.stmcufinder\plugins\mcufinder
2019-09-30 12:22:51,655 [INFO] DbMcusAds:72 - Set database path to: C:\Users\Alessandro\.stmcufinder\plugins\mcufinder//mcu/
2019-09-30 12:22:51,655 [WARN] DbFile:31 - Overriding database path with different value: C:\Users\Alessandro\.stmcufinder\plugins\mcufinder/ => C:\Users\Alessandro\.stmcufinder\plugins\mcufinder
2019-09-30 12:22:51,655 [INFO] DbMcusDocs:92 - Set database path to: C:\Users\Alessandro\.stmcufinder\plugins\mcufinder//mcu/
2019-09-30 12:22:51,655 [WARN] DbFile:31 - Overriding database path with different value: C:\Users\Alessandro\.stmcufinder\plugins\mcufinder/ => C:\Users\Alessandro\.stmcufinder\plugins\mcufinder
2019-09-30 12:22:51,655 [INFO] DbMcusJson:59 - Set database path to: C:\Users\Alessandro\.stmcufinder\plugins\mcufinder//mcu/
2019-09-30 12:22:51,655 [WARN] DbFile:31 - Overriding database path with different value: C:\Users\Alessandro\.stmcufinder\plugins\mcufinder/ => C:\Users\Alessandro\.stmcufinder\plugins\mcufinder
2019-09-30 12:22:51,655 [INFO] DbBoardsDocs:84 - Set database path to: C:\Users\Alessandro\.stmcufinder\plugins\mcufinder//mcu/
2019-09-30 12:22:51,655 [WARN] DbFile:31 - Overriding database path with different value: C:\Users\Alessandro\.stmcufinder\plugins\mcufinder/ => C:\Users\Alessandro\.stmcufinder\plugins\mcufinder
2019-09-30 12:22:51,655 [INFO] DbBoardsJson:51 - Set database path to: C:\Users\Alessandro\.stmcufinder\plugins\mcufinder//mcu/
2019-09-30 12:22:51,655 [WARN] DbFile:31 - Overriding database path with different value: C:\Users\Alessandro\.stmcufinder\plugins\mcufinder/ => C:\Users\Alessandro\.stmcufinder\plugins\mcufinder
2019-09-30 12:22:51,655 [WARN] DbFile:31 - Overriding database path with different value: C:\Users\Alessandro\.stmcufinder\plugins\mcufinder/ => C:\Users\Alessandro\.stmcufinder\plugins\mcufinder
2019-09-30 12:22:51,655 [INFO] CrossReferenceDbSqlite:197 - Set database path to: C:\Users\Alessandro\.stmcufinder\plugins\mcufinder//mcu/cs/
2019-09-30 12:22:51,733 [INFO] MainPanel:211 - HeapMemory: 284164096
2019-09-30 12:22:51,780 [INFO] DbMcusXml:68 - Set database path to: D:\STM32CubeIDE_1.0.2\STM32CubeIDE\plugins\com.st.stm32cube.common.mx_5.3.0.201907110903\\db\/mcu/
2019-09-30 12:22:51,780 [INFO] DbBoardsPdsc:54 - Set plugin database path to: D:\STM32CubeIDE_1.0.2\STM32CubeIDE\plugins\com.st.stm32cube.common.mx_5.3.0.201907110903\\db\/plugins/boardmanager/
2019-09-30 12:22:51,780 [INFO] DbMcus:264 - Set plugin images path to: D:\STM32CubeIDE_1.0.2\STM32CubeIDE\plugins\com.st.stm32cube.common.mx_5.3.0.201907110903\\db\/plugins/mcufinder/images/
2019-09-30 12:22:51,780 [INFO] DbBoards:232 - Set plugin images path to: D:\STM32CubeIDE_1.0.2\STM32CubeIDE\plugins\com.st.stm32cube.common.mx_5.3.0.201907110903\\db\/plugins/mcufinder/images/
2019-09-30 12:22:51,780 [INFO] APIGFXSelector:72 - Set database path to: D:\STM32CubeIDE_1.0.2\STM32CubeIDE\plugins\com.st.stm32cube.common.mx_5.3.0.201907110903\\db\/plugins/mcufinder/mcu/
2019-09-30 12:22:51,780 [WARN] DbFile:31 - Overriding database path with different value: C:\Users\Alessandro\.stmcufinder\plugins\mcufinder/ => C:\Users\Alessandro\.stmcufinder\plugins\mcufinder
2019-09-30 12:22:51,780 [INFO] DbMcusAds:72 - Set database path to: C:\Users\Alessandro\.stmcufinder\plugins\mcufinder//mcu/
2019-09-30 12:22:51,780 [WARN] DbFile:31 - Overriding database path with different value: C:\Users\Alessandro\.stmcufinder\plugins\mcufinder/ => C:\Users\Alessandro\.stmcufinder\plugins\mcufinder
2019-09-30 12:22:51,780 [INFO] DbMcusDocs:92 - Set database path to: C:\Users\Alessandro\.stmcufinder\plugins\mcufinder//mcu/
2019-09-30 12:22:51,780 [WARN] DbFile:31 - Overriding database path with different value: C:\Users\Alessandro\.stmcufinder\plugins\mcufinder/ => C:\Users\Alessandro\.stmcufinder\plugins\mcufinder
2019-09-30 12:22:51,780 [INFO] DbMcusJson:59 - Set database path to: C:\Users\Alessandro\.stmcufinder\plugins\mcufinder//mcu/
2019-09-30 12:22:51,780 [WARN] DbFile:31 - Overriding database path with different value: C:\Users\Alessandro\.stmcufinder\plugins\mcufinder/ => C:\Users\Alessandro\.stmcufinder\plugins\mcufinder
2019-09-30 12:22:51,780 [INFO] DbBoardsDocs:84 - Set database path to: C:\Users\Alessandro\.stmcufinder\plugins\mcufinder//mcu/
2019-09-30 12:22:51,780 [WARN] DbFile:31 - Overriding database path with different value: C:\Users\Alessandro\.stmcufinder\plugins\mcufinder/ => C:\Users\Alessandro\.stmcufinder\plugins\mcufinder
2019-09-30 12:22:51,795 [INFO] DbBoardsJson:51 - Set database path to: C:\Users\Alessandro\.stmcufinder\plugins\mcufinder//mcu/
2019-09-30 12:22:51,795 [WARN] DbFile:31 - Overriding database path with different value: C:\Users\Alessandro\.stmcufinder\plugins\mcufinder/ => C:\Users\Alessandro\.stmcufinder\plugins\mcufinder
2019-09-30 12:22:51,795 [WARN] DbFile:31 - Overriding database path with different value: C:\Users\Alessandro\.stmcufinder\plugins\mcufinder/ => C:\Users\Alessandro\.stmcufinder\plugins\mcufinder
2019-09-30 12:22:51,795 [INFO] CrossReferenceDbSqlite:197 - Set database path to: C:\Users\Alessandro\.stmcufinder\plugins\mcufinder//mcu/cs/
2019-09-30 12:22:51,811 [INFO] ApplicationProperties:181 - Using Application install path: D:\STM32CubeIDE_1.0.2\STM32CubeIDE\plugins\com.st.stm32cube.common.mx_5.3.0.201907110903
2019-09-30 12:22:51,811 [INFO] PluginManage:178 - Search for loadable plugins [exclusion list=]
2019-09-30 12:22:51,811 [INFO] PluginManage:292 - Check plugin analytics
2019-09-30 12:22:51,827 [INFO] PluginManage:342 - Loaded plugin analytics (category:tool,tabindex:-1)
2019-09-30 12:22:51,827 [INFO] PluginManage:292 - Check plugin clock
2019-09-30 12:22:51,827 [INFO] PluginManage:342 - Loaded plugin clock (category:base,tabindex:2)
2019-09-30 12:22:51,827 [INFO] PluginManage:292 - Check plugin ddr
2019-09-30 12:22:51,827 [INFO] PluginManage:342 - Loaded plugin ddr (category:tool,tabindex:6)
2019-09-30 12:22:51,827 [INFO] PluginManage:292 - Check plugin filemanager
2019-09-30 12:22:51,991 [INFO] PluginManage:342 - Loaded plugin filemanager (category:base,tabindex:10)
2019-09-30 12:22:51,991 [INFO] PluginManage:292 - Check plugin ipmanager
2019-09-30 12:22:51,991 [INFO] PluginManage:342 - Loaded plugin ipmanager (category:base,tabindex:5)
2019-09-30 12:22:51,991 [INFO] PluginManage:292 - Check plugin pinoutandconfiguration
2019-09-30 12:22:52,007 [INFO] PluginManage:342 - Loaded plugin pinoutandconfiguration (category:base,tabindex:1)
2019-09-30 12:22:52,007 [INFO] PluginManage:292 - Check plugin pinoutconfig
2019-09-30 12:22:52,023 [INFO] PluginManage:342 - Loaded plugin pinoutconfig (category:base,tabindex:0)
2019-09-30 12:22:52,023 [INFO] PluginManage:292 - Check plugin power
2019-09-30 12:22:52,038 [INFO] PluginManage:342 - Loaded plugin power (category:power,tabindex:4)
2019-09-30 12:22:52,038 [INFO] PluginManage:292 - Check plugin projectmanager
2019-09-30 12:22:52,054 [INFO] PluginManage:342 - Loaded plugin projectmanager (category:projectmanager,tabindex:3)
2019-09-30 12:22:52,054 [INFO] PluginManage:292 - Check plugin thirdparty
2019-09-30 12:22:52,101 [INFO] ThirdPartyDb:294 - Open Third Party DataBase File (C:/Users/Alessandro/.stm32cubemx/plugins/thirdparty/db/thirdparties_db.xml) : 31 ms. number of Sw pack : 11
2019-09-30 12:22:52,132 [ERROR] BinarySerializedPackPreferences:182 - ClassNotFoundException [Ljava.lang.StackTraceElement;@531bec12
2019-09-30 12:22:52,132 [INFO] PluginManage:342 - Loaded plugin thirdparty (category:base,tabindex:-1)
2019-09-30 12:22:52,132 [INFO] PluginManage:292 - Check plugin tools
2019-09-30 12:22:52,132 [INFO] PluginManage:342 - Loaded plugin tools (category:base,tabindex:7)
2019-09-30 12:22:52,132 [INFO] PluginManage:292 - Check plugin updater
2019-09-30 12:22:52,148 [INFO] PluginManage:342 - Loaded plugin updater (category:base,tabindex:12)
2019-09-30 12:22:52,148 [INFO] PluginManage:265 - PluginManage : Loaded plugins [12]
2019-09-30 12:22:52,351 [INFO] PinOutPanel:1367 - setPackage(No Configuration,No Configuration)
2019-09-30 12:22:52,444 [INFO] IPUIPlugin:63 - create IPUIPlugin
2019-09-30 12:22:52,444 [INFO] PluginManager:200 - loadIPPluginJar : add adc
2019-09-30 12:22:52,444 [INFO] IPUIPlugin:63 - create IPUIPlugin
2019-09-30 12:22:52,444 [INFO] PluginManager:200 - loadIPPluginJar : add aes
2019-09-30 12:22:52,444 [INFO] IPUIPlugin:63 - create IPUIPlugin
2019-09-30 12:22:52,460 [INFO] PluginManager:200 - loadIPPluginJar : add can
2019-09-30 12:22:52,460 [INFO] IPUIPlugin:63 - create IPUIPlugin
2019-09-30 12:22:52,460 [INFO] PluginManager:200 - loadIPPluginJar : add comp
2019-09-30 12:22:52,460 [INFO] IPUIPlugin:63 - create IPUIPlugin
2019-09-30 12:22:52,460 [INFO] PluginManager:200 - loadIPPluginJar : add cryp
2019-09-30 12:22:52,460 [INFO] IPUIPlugin:63 - create IPUIPlugin
2019-09-30 12:22:52,460 [INFO] PluginManager:200 - loadIPPluginJar : add dfsdm
2019-09-30 12:22:52,460 [INFO] IPUIPlugin:63 - create IPUIPlugin
2019-09-30 12:22:52,460 [INFO] PluginManager:200 - loadIPPluginJar : add dma
2019-09-30 12:22:52,460 [INFO] IPUIPlugin:63 - create IPUIPlugin
2019-09-30 12:22:52,460 [INFO] PluginManager:200 - loadIPPluginJar : add fatfs
2019-09-30 12:22:52,476 [INFO] IPUIPlugin:63 - create IPUIPlugin
2019-09-30 12:22:52,476 [INFO] PluginManager:200 - loadIPPluginJar : add fmc
2019-09-30 12:22:52,476 [INFO] IPUIPlugin:63 - create IPUIPlugin
2019-09-30 12:22:52,476 [INFO] PluginManager:200 - loadIPPluginJar : add freertos
2019-09-30 12:22:52,476 [INFO] IPUIPlugin:63 - create IPUIPlugin
2019-09-30 12:22:52,476 [INFO] PluginManager:200 - loadIPPluginJar : add genericplugin
2019-09-30 12:22:52,476 [INFO] IPUIPlugin:63 - create IPUIPlugin
2019-09-30 12:22:52,476 [INFO] PluginManager:200 - loadIPPluginJar : add gfxmmu
2019-09-30 12:22:52,476 [INFO] IPUIPlugin:63 - create IPUIPlugin
2019-09-30 12:22:52,476 [INFO] PluginManager:200 - loadIPPluginJar : add gfxsimulator
2019-09-30 12:22:52,491 [INFO] IPUIPlugin:63 - create IPUIPlugin
2019-09-30 12:22:52,491 [INFO] PluginManager:200 - loadIPPluginJar : add gic
2019-09-30 12:22:52,491 [INFO] IPUIPlugin:63 - create IPUIPlugin
2019-09-30 12:22:52,491 [INFO] PluginManager:200 - loadIPPluginJar : add gpio
2019-09-30 12:22:52,491 [INFO] IPUIPlugin:63 - create IPUIPlugin
2019-09-30 12:22:52,491 [INFO] PluginManager:200 - loadIPPluginJar : add hash
2019-09-30 12:22:52,491 [INFO] IPUIPlugin:63 - create IPUIPlugin
2019-09-30 12:22:52,491 [INFO] PluginManager:200 - loadIPPluginJar : add i2c
2019-09-30 12:22:52,491 [INFO] IPUIPlugin:63 - create IPUIPlugin
2019-09-30 12:22:52,491 [INFO] PluginManager:200 - loadIPPluginJar : add i2s
2019-09-30 12:22:52,507 [INFO] IPUIPlugin:63 - create IPUIPlugin
2019-09-30 12:22:52,507 [INFO] PluginManager:200 - loadIPPluginJar : add ipddr
2019-09-30 12:22:52,507 [INFO] IPUIPlugin:63 - create IPUIPlugin
2019-09-30 12:22:52,507 [INFO] PluginManager:200 - loadIPPluginJar : add ltdc
2019-09-30 12:22:52,507 [INFO] IPUIPlugin:63 - create IPUIPlugin
2019-09-30 12:22:52,507 [INFO] PluginManager:200 - loadIPPluginJar : add mdma
2019-09-30 12:22:52,507 [INFO] IPUIPlugin:63 - create IPUIPlugin
2019-09-30 12:22:52,523 [INFO] PluginManager:200 - loadIPPluginJar : add nvic
2019-09-30 12:22:52,523 [INFO] IPUIPlugin:63 - create IPUIPlugin
2019-09-30 12:22:52,523 [INFO] PluginManager:200 - loadIPPluginJar : add opamp
2019-09-30 12:22:52,523 [INFO] IPUIPlugin:63 - create IPUIPlugin
2019-09-30 12:22:52,523 [INFO] PluginManager:200 - loadIPPluginJar : add pdm2pcm
2019-09-30 12:22:52,538 [INFO] IPUIPlugin:63 - create IPUIPlugin
2019-09-30 12:22:52,538 [INFO] PluginManager:200 - loadIPPluginJar : add plateformsettings
2019-09-30 12:22:52,538 [INFO] IPUIPlugin:63 - create IPUIPlugin
2019-09-30 12:22:52,538 [INFO] PluginManager:200 - loadIPPluginJar : add quadspi
2019-09-30 12:22:52,554 [INFO] IPUIPlugin:63 - create IPUIPlugin
2019-09-30 12:22:52,554 [INFO] PluginManager:200 - loadIPPluginJar : add resmgrutility
2019-09-30 12:22:52,554 [INFO] IPUIPlugin:63 - create IPUIPlugin
2019-09-30 12:22:52,554 [INFO] PluginManager:200 - loadIPPluginJar : add sai
2019-09-30 12:22:52,554 [INFO] IPUIPlugin:63 - create IPUIPlugin
2019-09-30 12:22:52,554 [INFO] PluginManager:200 - loadIPPluginJar : add spi
2019-09-30 12:22:52,554 [INFO] IPUIPlugin:63 - create IPUIPlugin
2019-09-30 12:22:52,554 [INFO] PluginManager:200 - loadIPPluginJar : add stm32_wpan
2019-09-30 12:22:52,569 [INFO] IPUIPlugin:63 - create IPUIPlugin
2019-09-30 12:22:52,569 [INFO] PluginManager:200 - loadIPPluginJar : add tim
2019-09-30 12:22:52,569 [INFO] IPUIPlugin:63 - create IPUIPlugin
2019-09-30 12:22:52,569 [INFO] PluginManager:200 - loadIPPluginJar : add touchsensing
2019-09-30 12:22:52,569 [INFO] IPUIPlugin:63 - create IPUIPlugin
2019-09-30 12:22:52,569 [INFO] PluginManager:200 - loadIPPluginJar : add tracer_emb
2019-09-30 12:22:52,569 [INFO] IPUIPlugin:63 - create IPUIPlugin
2019-09-30 12:22:52,569 [INFO] PluginManager:200 - loadIPPluginJar : add ts
2019-09-30 12:22:52,569 [INFO] IPUIPlugin:63 - create IPUIPlugin
2019-09-30 12:22:52,569 [INFO] PluginManager:200 - loadIPPluginJar : add tsc
2019-09-30 12:22:52,585 [INFO] IPUIPlugin:63 - create IPUIPlugin
2019-09-30 12:22:52,585 [INFO] PluginManager:200 - loadIPPluginJar : add ucpd
2019-09-30 12:22:52,585 [INFO] IPUIPlugin:63 - create IPUIPlugin
2019-09-30 12:22:52,585 [INFO] PluginManager:200 - loadIPPluginJar : add usart
2019-09-30 12:22:53,116 [INFO] BoardConnectionPanel:217 - [DDR PANEL] osNameString: Windows
2019-09-30 12:22:53,370 [FATAL] Updater:277 - Updater called before beeing initialized
2019-09-30 12:22:53,698 [FATAL] Updater:277 - Updater called before beeing initialized
2019-09-30 12:22:53,714 [INFO] PinOutPanel:1367 - setPackage(No Configuration,No Configuration)
2019-09-30 12:22:53,714 [FATAL] Updater:277 - Updater called before beeing initialized
2019-09-30 12:22:53,729 [INFO] MainDdrPanel:82 - [DDR PANEL] SETTER - Set cubeProgrammerPath to: D:\STM32CubeIDE_1.0.2\STM32CubeIDE\plugins\com.st.stm32cube.ide.mcu.externaltools.cubeprogrammer.win32_1.0.0.201904021149\tools\bin
2019-09-30 12:22:53,729 [INFO] Updater:860 - Updater Version found : 5.3.0
2019-09-30 12:22:53,745 [INFO] ApplicationProperties:181 - Using Application install path: D:\STM32CubeIDE_1.0.2\STM32CubeIDE\plugins\com.st.stm32cube.common.mx_5.3.0.201907110903
2019-09-30 12:22:53,844 [INFO] MainUpdater:2040 - connection check result : 10
2019-09-30 12:22:53,844 [INFO] MainUpdater:229 - Updater Check For Update Now.
2019-09-30 12:22:53,844 [INFO] MicroXplorer:401 - Change Database Version : DB.5.0.30
2019-09-30 12:22:53,875 [INFO] CheckServerUpdateThread:121 - End of CheckServer Thread
2019-09-30 12:22:54,047 [INFO] MainUpdater:2040 - connection check result : 10
2019-09-30 12:22:54,047 [INFO] LogOutputStream:76 - [STDOUT_REDIRECT] Successfull proxy connection.
2019-09-30 12:22:54,203 [INFO] McuFinderGlobals:40 - Set McuFinder mode to 2 (CubeIDE integrated)
2019-09-30 12:22:54,219 [INFO] FinderPluginLoader:85 - Searching for filters in installed packs
2019-09-30 12:22:54,219 [INFO] DbMcusXml:106 - Load MCU database from D:\STM32CubeIDE_1.0.2\STM32CubeIDE\plugins\com.st.stm32cube.common.mx_5.3.0.201907110903\\db\/mcu/families.xml
2019-09-30 12:22:54,844 [INFO] DbMcusJson:87 - JSON generation date=Mon Sep 23 11:35:45 CEST 2019 (1569231345)
2019-09-30 12:22:55,172 [INFO] ThirdPartyDb:264 - Close Third Party DataBase File (C:/Users/Alessandro/.stm32cubemx/plugins/thirdparty/db/thirdparties_db.xml)
2019-09-30 12:22:55,219 [INFO] ThirdPartyDb:294 - Open Third Party DataBase File (C:/Users/Alessandro/.stm32cubemx/plugins/thirdparty/db/thirdparties_db.xml) : 0 ms. number of Sw pack : 11
2019-09-30 12:22:55,219 [INFO] ThirdPartyDb:264 - Close Third Party DataBase File (C:/Users/Alessandro/.stm32cubemx/plugins/thirdparty/db/thirdparties_db.xml)
2019-09-30 12:22:55,250 [INFO] IntegrityCheckThread:97 - End integrity checks thread
2019-09-30 12:22:55,781 [INFO] DbMcus:193 - Found 1496 MCUs (1455 are supported by CubeMX, 1455 are visible in CubeMX)
2019-09-30 12:22:55,781 [INFO] ApiDb:158 - Load user favorites file C:\Users\Alessandro/.stm32cubeide/favorites.mcus.txt: 0 item(s)
2019-09-30 12:22:55,781 [INFO] ApiDb:163 - User favorites MCUs=[]
2019-09-30 12:22:55,781 [INFO] DbMcus:205 - Set 0 / 0 favorites MCUs
2019-09-30 12:22:56,511 [INFO] DbMcusAds:130 - JSON generation date=Wed Feb 20 17:46:15 CET 2019 (1550681175)
2019-09-30 12:22:56,511 [INFO] LoadUrlFilesThread:147 - End of LoadServerUrlFiles without Thread
2019-09-30 12:22:56,543 [INFO] McuDetailPanel:180 - Set advertising image to C:/Users/Alessandro/STM32Cube/Repository/\PRSTM32MP10219-01-med.jpg
2019-09-30 12:22:57,042 [INFO] McuFilterPanel:282 - Update 0 favorites MCUs
2019-09-30 12:22:57,230 [INFO] DbBoardsPdsc:92 - Found 18 items
2019-09-30 12:22:57,245 [INFO] DbBoardsPdsc:92 - Found 9 items
2019-09-30 12:22:57,245 [INFO] DbBoardsPdsc:92 - Found 27 items
2019-09-30 12:22:57,245 [INFO] DbBoardsPdsc:92 - Found 1 items
2019-09-30 12:22:57,245 [INFO] DbBoardsPdsc:92 - Found 37 items
2019-09-30 12:22:57,245 [INFO] DbBoardsPdsc:92 - Found 37 items
2019-09-30 12:22:57,245 [INFO] DbBoardsPdsc:92 - Found 1 items
2019-09-30 12:22:57,277 [INFO] DbBoardsJson:79 - JSON generation date=Fri Sep 27 13:37:26 CEST 2019 (1569584246)
2019-09-30 12:22:57,292 [INFO] DbBoards:120 - Found 132 boards (129 are supported by CubeMX)
2019-09-30 12:22:57,292 [INFO] DbBoardsDocs:118 - JSON generation date=Mon Sep 23 11:35:45 CEST 2019 (1569231345)
2019-09-30 12:22:57,308 [INFO] DbBoardsDocs:57 - Found 160 boards documents
2019-09-30 12:22:57,308 [WARN] DbBoards:130 - board NUCLEO-H743ZI2 has no document id list !
2019-09-30 12:22:57,308 [WARN] DbBoards:130 - board P-NUCLEO-WB55-Nucleo has no document id list !
2019-09-30 12:22:57,308 [WARN] DbBoards:130 - board P-NUCLEO-WB55-USBDongle has no document id list !
2019-09-30 12:22:57,308 [WARN] DbBoards:130 - board P-NUCLEO-WB55 has no document id list !
2019-09-30 12:22:57,308 [WARN] DbBoards:130 - board STM32F401C-DISCO has no document id list !
2019-09-30 12:22:57,308 [WARN] DbBoards:130 - board STM32F769I-DISC1 has no document id list !
2019-09-30 12:22:57,308 [WARN] DbBoards:130 - board STM32F7308-DISCO has no document id list !
2019-09-30 12:22:57,308 [WARN] DbBoards:130 - board STM32L-DISCOVERY has no document id list !
2019-09-30 12:22:57,308 [WARN] DbBoards:130 - board STM32H747I-DISC1 has no document id list !
2019-09-30 12:22:57,308 [WARN] DbBoards:130 - board STM32MP157A-DK1 has no document id list !
2019-09-30 12:22:57,308 [WARN] DbBoards:130 - board STM32100E-EVAL has no document id list !
2019-09-30 12:22:57,308 [WARN] DbBoards:130 - board STM32303C-EVAL has no document id list !
2019-09-30 12:22:57,308 [WARN] DbBoards:130 - board STM32L152D-EVAL has no document id list !
2019-09-30 12:22:57,308 [WARN] DbBoards:130 - board STM32H743I-EVAL2 has no document id list !
2019-09-30 12:22:57,308 [WARN] DbBoards:130 - board STM32H753I-EVAL2 has no document id list !
2019-09-30 12:22:57,308 [WARN] DbBoards:130 - board STM32G474E-EVAL1 has no document id list !
2019-09-30 12:22:57,308 [WARN] DbBoards:130 - board STEVAL-MKSBOX1V1 has no document id list !
2019-09-30 12:22:57,730 [ERROR] DbBoards:192 - Image file not found for board B-G474E-DPOW1: D:\STM32CubeIDE_1.0.2\STM32CubeIDE\plugins\com.st.stm32cube.common.mx_5.3.0.201907110903\\db\/plugins/mcufinder/images/boards/B-G474E-DPOW1_small.jpg
2019-09-30 12:22:57,855 [ERROR] DbBoards:192 - Image file not found for board STM32G0316-DISCO: D:\STM32CubeIDE_1.0.2\STM32CubeIDE\plugins\com.st.stm32cube.common.mx_5.3.0.201907110903\\db\/plugins/mcufinder/images/boards/stm32g0316discovery_small.jpg
2019-09-30 12:22:58,143 [INFO] ApiDb:158 - Load user favorites file C:\Users\Alessandro/.stm32cubeide/favorites.boards.txt: 0 item(s)
2019-09-30 12:22:58,143 [INFO] ApiDb:163 - User favorites Boards=[]
2019-09-30 12:22:58,143 [INFO] DbBoards:209 - Set 0 / 0 favorites Boards
2019-09-30 12:22:58,206 [INFO] LoadUrlFilesThread:147 - End of LoadServerUrlFiles without Thread
2019-09-30 12:22:58,206 [INFO] BoardDetailPanel:179 - Set advertising image to C:/Users/Alessandro/STM32Cube/Repository/\PRSTM32MP10219-01-med.jpg
2019-09-30 12:22:58,237 [INFO] BoardFilterPanel:211 - Update 0 favorites Boards
2019-09-30 12:22:58,628 [INFO] CrossSelectorPresenter:1319 - Cross Selector saved comparison directory: C:\Users\Alessandro\.stmcufinder\plugins\mcufinder\mcu\cs_comparisons_mx
2019-09-30 12:23:05,863 [INFO] DbMcusDocs:126 - JSON generation date=Mon Sep 23 11:35:45 CEST 2019 (1569231345)
2019-09-30 12:23:06,019 [INFO] DbMcusDocs:61 - Found 525 MCUs documents
2019-09-30 12:23:14,217 [INFO] LogOutputStream:76 - [STDOUT_REDIRECT] withoutVersionV1.24.1
2019-09-30 12:23:14,217 [INFO] LogOutputStream:76 - [STDOUT_REDIRECT] withoutVersionV1.24.0
2019-09-30 12:23:15,654 [INFO] LogOutputStream:76 - [STDOUT_REDIRECT] File copied successfully!!
2019-09-30 12:23:18,204 [INFO] MainUpdater:2040 - connection check result : 10
2019-09-30 12:23:18,204 [INFO] LogOutputStream:76 - [STDOUT_REDIRECT] Successfull proxy connection.
2019-09-30 12:23:18,251 [INFO] MicroXplorer:371 - Change Database Path : 
2019-09-30 12:23:18,251 [INFO] MicroXplorer:401 - Change Database Version : DB.5.0.30
2019-09-30 12:23:18,251 [INFO] PinOutPanel:1367 - setPackage(No Configuration,No Configuration)
2019-09-30 12:23:18,251 [INFO] UtilMem:74 - Begin LoadConfig() Used Memory: 212663312 Bytes (359661568)
2019-09-30 12:23:18,251 [INFO] MicroXplorer:371 - Change Database Path : 
2019-09-30 12:23:18,251 [INFO] MicroXplorer:401 - Change Database Version : DB.5.0.30
2019-09-30 12:23:18,251 [INFO] OpenFileManager:269 - Change cursor
2019-09-30 12:23:20,969 [INFO] ImportTextPane:162 - (OptionalMessage_ERROR) Unable to find key (Mcu.ThirdPartyNb) in loaded IOC file
2019-09-30 12:23:20,969 [INFO] ImportTextPane:162 - (OptionalMessage_ERROR) Unable to find key (Mcu.PinsNb) in loaded IOC file
2019-09-30 12:23:20,969 [INFO] ImportTextPane:162 - (OptionalMessage_ERROR) Unable to find key (Mcu.IPNb) in loaded IOC file
2019-09-30 12:23:21,470 [INFO] UtilMem:74 - End LoadConfig() Used Memory: 312042400 Bytes (359661568)
2019-09-30 12:23:21,486 [INFO] ThirdPartyDb:294 - Open Third Party DataBase File (C:/Users/Alessandro/.stm32cubemx/plugins/thirdparty/db/thirdparties_db.xml) : 0 ms. number of Sw pack : 11
2019-09-30 12:23:21,923 [INFO] ThirdParty:912 - CMSIS Pack Vendor :STMicroelectronics X-CUBE-BLE1 4.3.0
2019-09-30 12:23:21,923 [INFO] ThirdParty:912 - CMSIS Pack Vendor :STMicroelectronics X-CUBE-MEMS1 6.0.1
2019-09-30 12:23:21,923 [INFO] ThirdParty:912 - CMSIS Pack Vendor :STMicroelectronics X-CUBE-AI 3.3.0
2019-09-30 12:23:21,923 [INFO] ThirdParty:912 - CMSIS Pack Vendor :STMicroelectronics X-CUBE-NFC4 1.3.0
2019-09-30 12:23:21,923 [INFO] ThirdParty:912 - CMSIS Pack Vendor :STMicroelectronics X-CUBE-AI 3.4.0
2019-09-30 12:23:21,923 [INFO] ThirdParty:912 - CMSIS Pack Vendor :STMicroelectronics X-CUBE-BLE1 4.4.0
2019-09-30 12:23:21,923 [INFO] ThirdParty:912 - CMSIS Pack Vendor :STMicroelectronics X-CUBE-MEMS1 6.1.0
2019-09-30 12:23:21,923 [INFO] ThirdParty:912 - CMSIS Pack Vendor :STMicroelectronics X-CUBE-NFC4 1.4.0
2019-09-30 12:23:21,923 [INFO] ThirdParty:912 - CMSIS Pack Vendor :STMicroelectronics X-CUBE-GNSS1 3.0.0
2019-09-30 12:23:21,923 [INFO] ThirdParty:912 - CMSIS Pack Vendor :STMicroelectronics X-CUBE-MEMS1 6.2.0
2019-09-30 12:23:21,923 [INFO] ThirdParty:912 - CMSIS Pack Vendor :STMicroelectronics X-CUBE-AI 4.0.0
2019-09-30 12:23:22,254 [INFO] PinOutPanel:1367 - setPackage(No Configuration,No Configuration)
2019-09-30 12:23:22,254 [INFO] PinOutPanel:1367 - setPackage(STM32F446ZETx,LQFP144)
2019-09-30 12:23:22,754 [INFO] UtilMem:74 - Before build in PCC Used Memory: 220099472 Bytes (359661568)
2019-09-30 12:23:23,769 [INFO] SharedServices:71 - Folder for power plug-in: C:/Users/Alessandro/.stm32cubemx/plugins/power
2019-09-30 12:23:23,769 [INFO] UtilMem:74 - After build in PCC Used Memory: 235828112 Bytes (359661568)
2019-09-30 12:23:23,785 [INFO] BlockDiagram:1818 - stop enableDisableButtons
2019-09-30 12:23:23,785 [INFO] IPUIPlugin:63 - create IPUIPlugin
2019-09-30 12:23:23,785 [INFO] IPUIPlugin:63 - create IPUIPlugin
2019-09-30 12:23:23,785 [INFO] IPUIPlugin:63 - create IPUIPlugin
2019-09-30 12:23:23,785 [INFO] IPUIPlugin:63 - create IPUIPlugin
2019-09-30 12:23:23,785 [INFO] IPUIPlugin:63 - create IPUIPlugin
2019-09-30 12:23:23,785 [INFO] IPUIPlugin:63 - create IPUIPlugin
2019-09-30 12:23:23,785 [INFO] IPUIPlugin:63 - create IPUIPlugin
2019-09-30 12:23:23,785 [INFO] IPUIPlugin:63 - create IPUIPlugin
2019-09-30 12:23:23,785 [INFO] IPUIPlugin:63 - create IPUIPlugin
2019-09-30 12:23:23,785 [INFO] IPUIPlugin:63 - create IPUIPlugin
2019-09-30 12:23:23,785 [INFO] IPUIPlugin:63 - create IPUIPlugin
2019-09-30 12:23:23,785 [INFO] IPUIPlugin:63 - create IPUIPlugin
2019-09-30 12:23:23,785 [INFO] IPUIPlugin:63 - create IPUIPlugin
2019-09-30 12:23:23,785 [INFO] IPUIPlugin:63 - create IPUIPlugin
2019-09-30 12:23:23,785 [INFO] IPUIPlugin:63 - create IPUIPlugin
2019-09-30 12:23:23,785 [INFO] IPUIPlugin:63 - create IPUIPlugin
2019-09-30 12:23:23,785 [INFO] IPUIPlugin:63 - create IPUIPlugin
2019-09-30 12:23:23,785 [INFO] IPUIPlugin:63 - create IPUIPlugin
2019-09-30 12:23:23,785 [INFO] IPUIPlugin:63 - create IPUIPlugin
2019-09-30 12:23:23,785 [INFO] IPUIPlugin:63 - create IPUIPlugin
2019-09-30 12:23:23,785 [INFO] IPUIPlugin:63 - create IPUIPlugin
2019-09-30 12:23:23,785 [INFO] IPUIPlugin:63 - create IPUIPlugin
2019-09-30 12:23:23,785 [INFO] IPUIPlugin:63 - create IPUIPlugin
2019-09-30 12:23:23,785 [INFO] IPUIPlugin:63 - create IPUIPlugin
2019-09-30 12:23:23,785 [INFO] IPUIPlugin:63 - create IPUIPlugin
2019-09-30 12:23:23,785 [INFO] IPUIPlugin:63 - create IPUIPlugin
2019-09-30 12:23:23,785 [INFO] IPUIPlugin:63 - create IPUIPlugin
2019-09-30 12:23:23,785 [INFO] IPUIPlugin:63 - create IPUIPlugin
2019-09-30 12:23:23,785 [INFO] IPUIPlugin:63 - create IPUIPlugin
2019-09-30 12:23:23,785 [INFO] IPUIPlugin:63 - create IPUIPlugin
2019-09-30 12:23:23,785 [INFO] IPUIPlugin:63 - create IPUIPlugin
2019-09-30 12:23:23,785 [INFO] IPUIPlugin:63 - create IPUIPlugin
2019-09-30 12:23:23,785 [INFO] IPUIPlugin:63 - create IPUIPlugin
2019-09-30 12:23:23,785 [INFO] IPUIPlugin:63 - create IPUIPlugin
2019-09-30 12:23:23,785 [INFO] IPUIPlugin:63 - create IPUIPlugin
2019-09-30 12:23:23,785 [INFO] IPUIPlugin:63 - create IPUIPlugin
2019-09-30 12:23:23,785 [INFO] IPUIPlugin:63 - create IPUIPlugin
2019-09-30 12:23:23,785 [INFO] IPUIPlugin:63 - create IPUIPlugin
2019-09-30 12:23:23,785 [INFO] IPUIPlugin:63 - create IPUIPlugin
2019-09-30 12:23:23,785 [INFO] IPUIPlugin:63 - create IPUIPlugin
2019-09-30 12:23:23,785 [INFO] IPUIPlugin:63 - create IPUIPlugin
2019-09-30 12:23:23,785 [INFO] IPUIPlugin:63 - create IPUIPlugin
2019-09-30 12:23:23,785 [INFO] IPUIPlugin:63 - create IPUIPlugin
2019-09-30 12:23:23,801 [INFO] IPUIPlugin:63 - create IPUIPlugin
2019-09-30 12:23:23,801 [INFO] IPUIPlugin:63 - create IPUIPlugin
2019-09-30 12:23:23,801 [INFO] IPUIPlugin:63 - create IPUIPlugin
2019-09-30 12:23:23,801 [INFO] IPUIPlugin:63 - create IPUIPlugin
2019-09-30 12:23:23,801 [INFO] IPUIPlugin:63 - create IPUIPlugin
2019-09-30 12:23:23,801 [INFO] IPUIPlugin:63 - create IPUIPlugin
2019-09-30 12:23:23,801 [INFO] IPUIPlugin:63 - create IPUIPlugin
2019-09-30 12:23:23,801 [INFO] IPUIPlugin:63 - create IPUIPlugin
2019-09-30 12:23:23,801 [INFO] IPUIPlugin:63 - create IPUIPlugin
2019-09-30 12:23:23,801 [INFO] IPUIPlugin:63 - create IPUIPlugin
2019-09-30 12:23:23,801 [INFO] IPUIPlugin:63 - create IPUIPlugin
2019-09-30 12:23:23,801 [INFO] IPUIPlugin:63 - create IPUIPlugin
2019-09-30 12:23:23,801 [INFO] IPUIPlugin:63 - create IPUIPlugin
2019-09-30 12:23:23,801 [INFO] IPUIPlugin:63 - create IPUIPlugin
2019-09-30 12:23:23,801 [INFO] IPUIPlugin:63 - create IPUIPlugin
2019-09-30 12:23:23,801 [INFO] IPUIPlugin:63 - create IPUIPlugin
2019-09-30 12:23:23,801 [INFO] IPUIPlugin:63 - create IPUIPlugin
2019-09-30 12:23:23,801 [INFO] IPUIPlugin:63 - create IPUIPlugin
2019-09-30 12:23:23,801 [INFO] IPUIPlugin:63 - create IPUIPlugin
2019-09-30 12:23:23,801 [INFO] IPUIPlugin:63 - create IPUIPlugin
2019-09-30 12:23:23,801 [INFO] IPUIPlugin:63 - create IPUIPlugin
2019-09-30 12:23:23,801 [INFO] BlockDiagram:1818 - stop enableDisableButtons
2019-09-30 12:23:23,816 [INFO] LogOutputStream:76 - [STDOUT_REDIRECT] toolchainItems.length=====1
2019-09-30 12:23:23,816 [INFO] LogOutputStream:76 - [STDOUT_REDIRECT] method name===============isUnderRootDefaultMode
2019-09-30 12:23:23,816 [INFO] LogOutputStream:76 - [STDOUT_REDIRECT] method name===============isRootSelectionSupported
2019-09-30 12:23:23,910 [INFO] LogOutputStream:76 - [STDOUT_REDIRECT] method name===============isUnderRootDefaultMode
2019-09-30 12:23:23,910 [INFO] LogOutputStream:76 - [STDOUT_REDIRECT] method name===============isUnderRootDefaultMode
2019-09-30 12:23:23,910 [INFO] LogOutputStream:76 - [STDOUT_REDIRECT] method name===============isUnderRootDefaultMode
2019-09-30 12:23:23,910 [INFO] LogOutputStream:76 - [STDOUT_REDIRECT] method name===============isRootSelectionSupported
2019-09-30 12:23:23,910 [INFO] LogOutputStream:76 - [STDOUT_REDIRECT] method name===============isRootSelectionSupported
2019-09-30 12:23:23,926 [INFO] LogOutputStream:76 - [STDOUT_REDIRECT] method name===============isUnderRootDefaultMode
2019-09-30 12:23:23,941 [INFO] OpenFileManager:289 - Restore cursor
2019-09-30 12:23:23,941 [INFO] LogOutputStream:76 - [STDOUT_REDIRECT] method name===============isUnderRootDefaultMode
2019-09-30 12:23:23,941 [INFO] LogOutputStream:76 - [STDOUT_REDIRECT] method name===============isUnderRootDefaultMode
2019-09-30 12:23:23,957 [INFO] LogOutputStream:76 - [STDOUT_REDIRECT] method name===============isUnderRootDefaultMode
2019-09-30 12:23:23,957 [INFO] LogOutputStream:76 - [STDOUT_REDIRECT] method name===============isRootSelectionSupported
2019-09-30 12:23:23,957 [INFO] LogOutputStream:76 - [STDOUT_REDIRECT] method name===============isRootSelectionSupported
2019-09-30 12:23:23,957 [INFO] LogOutputStream:76 - [STDOUT_REDIRECT] method name===============isUnderRootDefaultMode
2019-09-30 12:23:24,051 [INFO] BlockDiagram:1818 - stop enableDisableButtons
2019-09-30 12:23:24,066 [INFO] LogOutputStream:76 - [STDOUT_REDIRECT] method name===============isUnderRootDefaultMode
2019-09-30 12:23:24,066 [INFO] LogOutputStream:76 - [STDOUT_REDIRECT] method name===============isUnderRootDefaultMode
2019-09-30 12:23:24,066 [INFO] LogOutputStream:76 - [STDOUT_REDIRECT] method name===============isUnderRootDefaultMode
2019-09-30 12:23:24,066 [INFO] LogOutputStream:76 - [STDOUT_REDIRECT] method name===============isRootSelectionSupported
2019-09-30 12:23:24,082 [INFO] LogOutputStream:76 - [STDOUT_REDIRECT] method name===============isRootSelectionSupported
2019-09-30 12:23:24,082 [INFO] LogOutputStream:76 - [STDOUT_REDIRECT] method name===============isUnderRootDefaultMode
2019-09-30 12:23:24,113 [INFO] BlockDiagram:1818 - stop enableDisableButtons
2019-09-30 12:23:24,238 [INFO] LogOutputStream:76 - [STDOUT_REDIRECT] method name===============isUnderRootDefaultMode
2019-09-30 12:23:24,238 [INFO] LogOutputStream:76 - [STDOUT_REDIRECT] method name===============isUnderRootDefaultMode
2019-09-30 12:23:24,238 [INFO] LogOutputStream:76 - [STDOUT_REDIRECT] method name===============isUnderRootDefaultMode
2019-09-30 12:23:24,254 [INFO] LogOutputStream:76 - [STDOUT_REDIRECT] method name===============isRootSelectionSupported
2019-09-30 12:23:24,269 [INFO] LogOutputStream:76 - [STDOUT_REDIRECT] method name===============isRootSelectionSupported
2019-09-30 12:23:24,269 [INFO] LogOutputStream:76 - [STDOUT_REDIRECT] method name===============isUnderRootDefaultMode
2019-09-30 12:23:24,285 [INFO] UtilMem:74 - End SaveConfig() Used Memory: 206562496 Bytes (359661568)
2019-09-30 12:23:24,285 [INFO] LogOutputStream:76 - [STDOUT_REDIRECT] method name===============isUnderRootDefaultMode
2019-09-30 12:23:24,285 [INFO] LogOutputStream:76 - [STDOUT_REDIRECT] method name===============isUnderRootDefaultMode
2019-09-30 12:23:24,300 [INFO] LogOutputStream:76 - [STDOUT_REDIRECT] method name===============isUnderRootDefaultMode
2019-09-30 12:23:24,300 [INFO] LogOutputStream:76 - [STDOUT_REDIRECT] method name===============isRootSelectionSupported
2019-09-30 12:23:24,300 [INFO] LogOutputStream:76 - [STDOUT_REDIRECT] method name===============isRootSelectionSupported
2019-09-30 12:23:24,300 [INFO] LogOutputStream:76 - [STDOUT_REDIRECT] method name===============isUnderRootDefaultMode
2019-09-30 12:23:24,347 [INFO] UtilMem:74 - End SaveConfig() Used Memory: 211553056 Bytes (359661568)
2019-09-30 12:23:24,363 [INFO] LogOutputStream:76 - [STDOUT_REDIRECT] method name===============isUnderRootDefaultMode
2019-09-30 12:23:24,363 [INFO] LogOutputStream:76 - [STDOUT_REDIRECT] method name===============isUnderRootDefaultMode
2019-09-30 12:23:24,363 [INFO] LogOutputStream:76 - [STDOUT_REDIRECT] method name===============isUnderRootDefaultMode
2019-09-30 12:23:24,363 [INFO] LogOutputStream:76 - [STDOUT_REDIRECT] method name===============isRootSelectionSupported
2019-09-30 12:23:24,363 [INFO] LogOutputStream:76 - [STDOUT_REDIRECT] method name===============isRootSelectionSupported
2019-09-30 12:23:24,363 [INFO] LogOutputStream:76 - [STDOUT_REDIRECT] method name===============isUnderRootDefaultMode
2019-09-30 12:23:24,832 [INFO] BlockDiagram:1862 - set Specific Code input for plugin: SYS
2019-09-30 12:23:24,832 [INFO] BlockDiagram:1862 - set Specific Code input for plugin: NVIC
2019-09-30 12:23:24,832 [INFO] CodeGenerator:583 - code generatio: config db path: D:\STM32CubeIDE_1.0.2\STM32CubeIDE\plugins\com.st.stm32cube.common.mx_5.3.0.201907110903\\db\
2019-09-30 12:23:25,300 [INFO] CodeEngine:190 - oldGeneratedFile, C:\Users\Alessandro\Desktop\STM32Workspace\ElectronicsForEmbeddedSystems\MCU_Firmware\MXTmpFiles\license.tmp_save
2019-09-30 12:23:25,753 [INFO] CodeEngine:208 - Generated code: C:\Users\Alessandro\Desktop\STM32Workspace\ElectronicsForEmbeddedSystems\MCU_Firmware\MXTmpFiles\license.tmp
2019-09-30 12:23:25,894 [INFO] LogOutputStream:76 - [STDOUT_REDIRECT] Command line
2019-09-30 12:23:25,894 [INFO] LogOutputStream:76 - [STDOUT_REDIRECT] Debug : prepare data for SYS
2019-09-30 12:23:25,894 [INFO] LogOutputStream:76 - [STDOUT_REDIRECT] Command line test
2019-09-30 12:23:25,894 [INFO] LogOutputStream:76 - [STDOUT_REDIRECT] Debug : prepare data for NVIC
2019-09-30 12:23:25,894 [INFO] LogOutputStream:76 - [STDOUT_REDIRECT] Command line test
2019-09-30 12:23:25,909 [INFO] CodeEngine:190 - oldGeneratedFile, C:\Users\Alessandro\Desktop\STM32Workspace\ElectronicsForEmbeddedSystems\MCU_Firmware\Src\stm32f4xx_it.c_save
2019-09-30 12:23:26,097 [INFO] CodeEngine:208 - Generated code: C:\Users\Alessandro\Desktop\STM32Workspace\ElectronicsForEmbeddedSystems\MCU_Firmware\Src\stm32f4xx_it.c
2019-09-30 12:23:26,113 [INFO] CodeEngine:190 - oldGeneratedFile, C:\Users\Alessandro\Desktop\STM32Workspace\ElectronicsForEmbeddedSystems\MCU_Firmware\Inc\stm32f4xx_it.h_save
2019-09-30 12:23:26,206 [INFO] CodeEngine:208 - Generated code: C:\Users\Alessandro\Desktop\STM32Workspace\ElectronicsForEmbeddedSystems\MCU_Firmware\Inc\stm32f4xx_it.h
2019-09-30 12:23:26,206 [INFO] CodeEngine:190 - oldGeneratedFile, C:\Users\Alessandro\Desktop\STM32Workspace\ElectronicsForEmbeddedSystems\MCU_Firmware\Src\stm32f4xx_hal_msp.c_save
2019-09-30 12:23:26,347 [INFO] CodeEngine:208 - Generated code: C:\Users\Alessandro\Desktop\STM32Workspace\ElectronicsForEmbeddedSystems\MCU_Firmware\Src\stm32f4xx_hal_msp.c
2019-09-30 12:23:26,347 [INFO] CodeEngine:190 - oldGeneratedFile, C:\Users\Alessandro\Desktop\STM32Workspace\ElectronicsForEmbeddedSystems\MCU_Firmware\MXTmpFiles\system.tmp_save
2019-09-30 12:23:26,472 [INFO] CodeEngine:208 - Generated code: C:\Users\Alessandro\Desktop\STM32Workspace\ElectronicsForEmbeddedSystems\MCU_Firmware\MXTmpFiles\system.tmp
2019-09-30 12:23:26,487 [INFO] CodeEngine:190 - oldGeneratedFile, C:\Users\Alessandro\Desktop\STM32Workspace\ElectronicsForEmbeddedSystems\MCU_Firmware\Inc\stm32f4xx_hal_conf.h_save
2019-09-30 12:23:26,581 [INFO] CodeEngine:208 - Generated code: C:\Users\Alessandro\Desktop\STM32Workspace\ElectronicsForEmbeddedSystems\MCU_Firmware\Inc\stm32f4xx_hal_conf.h
2019-09-30 12:23:26,612 [INFO] CodeEngine:190 - oldGeneratedFile, C:\Users\Alessandro\Desktop\STM32Workspace\ElectronicsForEmbeddedSystems\MCU_Firmware\Inc\main.h_save
2019-09-30 12:23:26,758 [INFO] CodeEngine:208 - Generated code: C:\Users\Alessandro\Desktop\STM32Workspace\ElectronicsForEmbeddedSystems\MCU_Firmware\Inc\main.h
2019-09-30 12:23:26,773 [INFO] CodeEngine:190 - oldGeneratedFile, C:\Users\Alessandro\Desktop\STM32Workspace\ElectronicsForEmbeddedSystems\MCU_Firmware\Src\main.c_save
2019-09-30 12:23:26,914 [INFO] CodeEngine:208 - Generated code: C:\Users\Alessandro\Desktop\STM32Workspace\ElectronicsForEmbeddedSystems\MCU_Firmware\Src\main.c
2019-09-30 12:23:27,773 [INFO] ProjectBuilder:1570 - Time for Copy HAL[1] : 78mS.
2019-09-30 12:23:27,789 [INFO] ProjectBuilder:2138 - Project Generator version: 3.4.0
2019-09-30 12:23:28,163 [INFO] ConfigFileManager:879 - The Die is : DIE421
2019-09-30 12:23:28,179 [INFO] LogOutputStream:76 - [STDOUT_REDIRECT] configName ==Arm Cortex-M4
2019-09-30 12:23:28,320 [INFO] LogOutputStream:76 - [STDOUT_REDIRECT] memory ==name="RAM" access="xrw" start="0x20000000" size="128"
2019-09-30 12:23:28,320 [INFO] LogOutputStream:76 - [STDOUT_REDIRECT] memory ==name="FLASH" access="rx" start="0x8000000" size="512"
2019-09-30 12:23:28,460 [INFO] LogOutputStream:76 - [STDOUT_REDIRECT] namefile= STM32CubeIDE
2019-09-30 12:23:28,460 [INFO] LogOutputStream:76 - [STDOUT_REDIRECT] method name===============generate
2019-09-30 12:23:36,009 [INFO] ProjectBuilder:2232 - Time for Generating toolchain IDE Files: 8220mS.
2019-09-30 12:23:36,009 [INFO] ProjectBuilder:1461 - Time for Copy CMSIS : 0mS.
2019-09-30 12:23:36,009 [INFO] ProjectBuilder:1461 - Time for Copy CMSIS : 0mS.
2019-09-30 12:23:38,633 [INFO] BlockDiagram:1818 - stop enableDisableButtons
2019-09-30 12:30:49,116 [INFO] Activator:176 - 


2019-09-30 12:30:49,132 [INFO] Activator:177 - !SESSION log4j initialized
