Release 14.7 - xst P.20131013 (nt)
Copyright (c) 1995-2013 Xilinx, Inc.  All rights reserved.
--> Parameter TMPDIR set to xst/projnav.tmp


Total REAL time to Xst completion: 1.00 secs
Total CPU time to Xst completion: 0.26 secs
 
--> Parameter xsthdpdir set to xst


Total REAL time to Xst completion: 1.00 secs
Total CPU time to Xst completion: 0.27 secs
 
--> Reading design: UART_Synchronizer.prj

TABLE OF CONTENTS
  1) Synthesis Options Summary
  2) HDL Compilation
  3) Design Hierarchy Analysis
  4) HDL Analysis
  5) HDL Synthesis
     5.1) HDL Synthesis Report
  6) Advanced HDL Synthesis
     6.1) Advanced HDL Synthesis Report
  7) Low Level Synthesis
  8) Partition Report
  9) Final Report
	9.1) Device utilization summary
	9.2) Partition Resource Summary
	9.3) TIMING REPORT


=========================================================================
*                      Synthesis Options Summary                        *
=========================================================================
---- Source Parameters
Input File Name                    : "UART_Synchronizer.prj"
Input Format                       : mixed
Ignore Synthesis Constraint File   : NO

---- Target Parameters
Output File Name                   : "UART_Synchronizer"
Output Format                      : NGC
Target Device                      : xc3s500e-5-pq208

---- Source Options
Top Module Name                    : UART_Synchronizer
Automatic FSM Extraction           : YES
FSM Encoding Algorithm             : Auto
Safe Implementation                : No
FSM Style                          : LUT
RAM Extraction                     : Yes
RAM Style                          : Auto
ROM Extraction                     : Yes
Mux Style                          : Auto
Decoder Extraction                 : YES
Priority Encoder Extraction        : Yes
Shift Register Extraction          : YES
Logical Shifter Extraction         : YES
XOR Collapsing                     : YES
ROM Style                          : Auto
Mux Extraction                     : Yes
Resource Sharing                   : YES
Asynchronous To Synchronous        : NO
Multiplier Style                   : Auto
Automatic Register Balancing       : No

---- Target Options
Add IO Buffers                     : YES
Global Maximum Fanout              : 100000
Add Generic Clock Buffer(BUFG)     : 24
Register Duplication               : YES
Slice Packing                      : YES
Optimize Instantiated Primitives   : NO
Use Clock Enable                   : Yes
Use Synchronous Set                : Yes
Use Synchronous Reset              : Yes
Pack IO Registers into IOBs        : Auto
Equivalent register Removal        : YES

---- General Options
Optimization Goal                  : Speed
Optimization Effort                : 1
Keep Hierarchy                     : No
Netlist Hierarchy                  : As_Optimized
RTL Output                         : Yes
Global Optimization                : AllClockNets
Read Cores                         : YES
Write Timing Constraints           : NO
Cross Clock Analysis               : NO
Hierarchy Separator                : /
Bus Delimiter                      : <>
Case Specifier                     : Maintain
Slice Utilization Ratio            : 100
BRAM Utilization Ratio             : 100
Verilog 2001                       : YES
Auto BRAM Packing                  : NO
Slice Utilization Ratio Delta      : 5

=========================================================================


=========================================================================
*                          HDL Compilation                              *
=========================================================================
Compiling vhdl file "C:/Users/Alessandro/Desktop/EFES_Fpga/UartDriver/constants.vhd" in Library work.
Architecture constants of Entity constants is up to date.
Compiling vhdl file "C:/Users/Alessandro/Desktop/EFES_Fpga/UartDriver/t_ff.vhd" in Library work.
Architecture behavioral of Entity t_ff_rst0 is up to date.
Compiling vhdl file "C:/Users/Alessandro/Desktop/EFES_Fpga/UartDriver/ORGate_NX1.vhd" in Library work.
Architecture behavioral of Entity orgate_nx1 is up to date.
Compiling vhdl file "C:/Users/Alessandro/Desktop/EFES_Fpga/UartDriver/Mux_1Bit_2X1.vhd" in Library work.
Architecture behavioral of Entity mux_1bit_2x1 is up to date.
Compiling vhdl file "C:/Users/Alessandro/Desktop/EFES_Fpga/UartDriver/ud_counter.vhd" in Library work.
Architecture str of Entity ud_counter is up to date.
Compiling vhdl file "C:/Users/Alessandro/Desktop/EFES_Fpga/UartDriver/CU_SatCounter.vhd" in Library work.
Architecture behavioral of Entity cu_satcounter is up to date.
Compiling vhdl file "C:/Users/Alessandro/Desktop/EFES_Fpga/UartDriver/ANDGate_NX1.vhd" in Library work.
Architecture behavioral of Entity andgate_nx1 is up to date.
Compiling vhdl file "C:/Users/Alessandro/Desktop/EFES_Fpga/UartDriver/NORGate_NX1.vhd" in Library work.
Architecture behavioral of Entity norgate_nx1 is up to date.
Compiling vhdl file "C:/Users/Alessandro/Desktop/EFES_Fpga/UartDriver/SAT_Counter_BMM.vhd" in Library work.
Architecture structural of Entity sat_counter is up to date.
Compiling vhdl file "C:/Users/Alessandro/Desktop/EFES_Fpga/UartDriver/HardwiredReg.vhd" in Library work.
Architecture behavioral of Entity hardwiredreg is up to date.
Compiling vhdl file "C:/Users/Alessandro/Desktop/EFES_Fpga/UartDriver/Comparator.vhd" in Library work.
Architecture structural of Entity comparator is up to date.
Compiling vhdl file "C:/Users/Alessandro/Desktop/EFES_Fpga/UartDriver/UART_Synchronizer.vhd" in Library work.
Architecture behavioral of Entity uart_synchronizer is up to date.

=========================================================================
*                     Design Hierarchy Analysis                         *
=========================================================================
Analyzing hierarchy for entity <UART_Synchronizer> in library <work> (architecture <behavioral>) with generics.
	SYNCH_NBIT = 8
	SYNCH_steps = 11

Analyzing hierarchy for entity <SAT_Counter> in library <work> (architecture <structural>) with generics.
	N = 8

Analyzing hierarchy for entity <HardwiredReg> in library <work> (architecture <behavioral>) with generics.
	HW_REG_Nbit = 8
	HW_REG_val = 10

Analyzing hierarchy for entity <Comparator> in library <work> (architecture <structural>) with generics.
	NBIT_DATA = 8

Analyzing hierarchy for entity <UD_COUNTER> in library <work> (architecture <str>) with generics.
	UDC_NBIT = 8

Analyzing hierarchy for entity <CU_SatCounter> in library <work> (architecture <behavioral>).

Analyzing hierarchy for entity <ANDGate_NX1> in library <work> (architecture <behavioral>) with generics.
	N = 8

Analyzing hierarchy for entity <NORGate_NX1> in library <work> (architecture <behavioral>) with generics.
	N = 8

Analyzing hierarchy for entity <ORGate_NX1> in library <work> (architecture <behavioral>) with generics.
	N = 8

Analyzing hierarchy for entity <Mux_1Bit_2X1> in library <work> (architecture <behavioral>).

Analyzing hierarchy for entity <t_ff_rst0> in library <work> (architecture <behavioral>).


=========================================================================
*                            HDL Analysis                               *
=========================================================================
Analyzing generic Entity <UART_Synchronizer> in library <work> (Architecture <behavioral>).
	SYNCH_NBIT = 8
	SYNCH_steps = 11
Entity <UART_Synchronizer> analyzed. Unit <UART_Synchronizer> generated.

Analyzing generic Entity <SAT_Counter> in library <work> (Architecture <structural>).
	N = 8
Entity <SAT_Counter> analyzed. Unit <SAT_Counter> generated.

Analyzing generic Entity <UD_COUNTER> in library <work> (Architecture <str>).
	UDC_NBIT = 8
Entity <UD_COUNTER> analyzed. Unit <UD_COUNTER> generated.

Analyzing Entity <t_ff_rst0> in library <work> (Architecture <behavioral>).
Entity <t_ff_rst0> analyzed. Unit <t_ff_rst0> generated.

Analyzing Entity <CU_SatCounter> in library <work> (Architecture <behavioral>).
Entity <CU_SatCounter> analyzed. Unit <CU_SatCounter> generated.

Analyzing generic Entity <ANDGate_NX1> in library <work> (Architecture <behavioral>).
	N = 8
Entity <ANDGate_NX1> analyzed. Unit <ANDGate_NX1> generated.

Analyzing generic Entity <NORGate_NX1> in library <work> (Architecture <behavioral>).
	N = 8
Entity <NORGate_NX1> analyzed. Unit <NORGate_NX1> generated.

Analyzing generic Entity <HardwiredReg> in library <work> (Architecture <behavioral>).
	HW_REG_Nbit = 8
	HW_REG_val = 10
Entity <HardwiredReg> analyzed. Unit <HardwiredReg> generated.

Analyzing generic Entity <Comparator> in library <work> (Architecture <structural>).
	NBIT_DATA = 8
Entity <Comparator> analyzed. Unit <Comparator> generated.

Analyzing generic Entity <ORGate_NX1> in library <work> (Architecture <behavioral>).
	N = 8
Entity <ORGate_NX1> analyzed. Unit <ORGate_NX1> generated.

Analyzing Entity <Mux_1Bit_2X1> in library <work> (Architecture <behavioral>).
Entity <Mux_1Bit_2X1> analyzed. Unit <Mux_1Bit_2X1> generated.


=========================================================================
*                           HDL Synthesis                               *
=========================================================================

Performing bidirectional port resolution...

Synthesizing Unit <HardwiredReg>.
    Related source file is "C:/Users/Alessandro/Desktop/EFES_Fpga/UartDriver/HardwiredReg.vhd".
Unit <HardwiredReg> synthesized.


Synthesizing Unit <CU_SatCounter>.
    Related source file is "C:/Users/Alessandro/Desktop/EFES_Fpga/UartDriver/CU_SatCounter.vhd".
Unit <CU_SatCounter> synthesized.


Synthesizing Unit <ANDGate_NX1>.
    Related source file is "C:/Users/Alessandro/Desktop/EFES_Fpga/UartDriver/ANDGate_NX1.vhd".
WARNING:Xst:1780 - Signal <matrix<1><1:3>> is never used or assigned. This unconnected signal will be trimmed during the optimization process.
WARNING:Xst:1780 - Signal <matrix<2><2:3>> is never used or assigned. This unconnected signal will be trimmed during the optimization process.
WARNING:Xst:1780 - Signal <matrix<3><1:3>> is never used or assigned. This unconnected signal will be trimmed during the optimization process.
WARNING:Xst:1780 - Signal <matrix<4><3>> is never used or assigned. This unconnected signal will be trimmed during the optimization process.
WARNING:Xst:1780 - Signal <matrix<5><1:3>> is never used or assigned. This unconnected signal will be trimmed during the optimization process.
WARNING:Xst:1780 - Signal <matrix<6><2:3>> is never used or assigned. This unconnected signal will be trimmed during the optimization process.
WARNING:Xst:1780 - Signal <matrix<7><1:3>> is never used or assigned. This unconnected signal will be trimmed during the optimization process.
Unit <ANDGate_NX1> synthesized.


Synthesizing Unit <NORGate_NX1>.
    Related source file is "C:/Users/Alessandro/Desktop/EFES_Fpga/UartDriver/NORGate_NX1.vhd".
WARNING:Xst:1780 - Signal <matrix<1><1:3>> is never used or assigned. This unconnected signal will be trimmed during the optimization process.
WARNING:Xst:1780 - Signal <matrix<2><2:3>> is never used or assigned. This unconnected signal will be trimmed during the optimization process.
WARNING:Xst:1780 - Signal <matrix<3><1:3>> is never used or assigned. This unconnected signal will be trimmed during the optimization process.
WARNING:Xst:1780 - Signal <matrix<4><3>> is never used or assigned. This unconnected signal will be trimmed during the optimization process.
WARNING:Xst:1780 - Signal <matrix<5><1:3>> is never used or assigned. This unconnected signal will be trimmed during the optimization process.
WARNING:Xst:1780 - Signal <matrix<6><2:3>> is never used or assigned. This unconnected signal will be trimmed during the optimization process.
WARNING:Xst:1780 - Signal <matrix<7><1:3>> is never used or assigned. This unconnected signal will be trimmed during the optimization process.
Unit <NORGate_NX1> synthesized.


Synthesizing Unit <t_ff_rst0>.
    Related source file is "C:/Users/Alessandro/Desktop/EFES_Fpga/UartDriver/t_ff.vhd".
    Found 1-bit register for signal <data>.
    Summary:
	inferred   1 D-type flip-flop(s).
Unit <t_ff_rst0> synthesized.


Synthesizing Unit <ORGate_NX1>.
    Related source file is "C:/Users/Alessandro/Desktop/EFES_Fpga/UartDriver/ORGate_NX1.vhd".
WARNING:Xst:1780 - Signal <matrix<1><1:3>> is never used or assigned. This unconnected signal will be trimmed during the optimization process.
WARNING:Xst:1780 - Signal <matrix<2><2:3>> is never used or assigned. This unconnected signal will be trimmed during the optimization process.
WARNING:Xst:1780 - Signal <matrix<3><1:3>> is never used or assigned. This unconnected signal will be trimmed during the optimization process.
WARNING:Xst:1780 - Signal <matrix<4><3>> is never used or assigned. This unconnected signal will be trimmed during the optimization process.
WARNING:Xst:1780 - Signal <matrix<5><1:3>> is never used or assigned. This unconnected signal will be trimmed during the optimization process.
WARNING:Xst:1780 - Signal <matrix<6><2:3>> is never used or assigned. This unconnected signal will be trimmed during the optimization process.
WARNING:Xst:1780 - Signal <matrix<7><1:3>> is never used or assigned. This unconnected signal will be trimmed during the optimization process.
Unit <ORGate_NX1> synthesized.


Synthesizing Unit <Mux_1Bit_2X1>.
    Related source file is "C:/Users/Alessandro/Desktop/EFES_Fpga/UartDriver/Mux_1Bit_2X1.vhd".
Unit <Mux_1Bit_2X1> synthesized.


Synthesizing Unit <Comparator>.
    Related source file is "C:/Users/Alessandro/Desktop/EFES_Fpga/UartDriver/Comparator.vhd".
WARNING:Xst:653 - Signal <s_zeros> is used but never assigned. This sourceless signal will be automatically connected to value 00000000.
WARNING:Xst:1780 - Signal <s_tmp_neq_eq> is never used or assigned. This unconnected signal will be trimmed during the optimization process.
WARNING:Xst:1780 - Signal <s_not_neq_eq<7>> is never used or assigned. This unconnected signal will be trimmed during the optimization process.
WARNING:Xst:646 - Signal <s_enable_next_step<0>> is assigned but never used. This unconnected signal will be trimmed during the optimization process.
    Found 8-bit xor2 for signal <s_neq_eq>.
Unit <Comparator> synthesized.


Synthesizing Unit <UD_COUNTER>.
    Related source file is "C:/Users/Alessandro/Desktop/EFES_Fpga/UartDriver/ud_counter.vhd".
WARNING:Xst:646 - Signal <s_toggle<8>> is assigned but never used. This unconnected signal will be trimmed during the optimization process.
WARNING:Xst:1780 - Signal <s_toggle<0>> is never used or assigned. This unconnected signal will be trimmed during the optimization process.
Unit <UD_COUNTER> synthesized.


Synthesizing Unit <SAT_Counter>.
    Related source file is "C:/Users/Alessandro/Desktop/EFES_Fpga/UartDriver/SAT_Counter_BMM.vhd".
WARNING:Xst:653 - Signal <s_zeros> is used but never assigned. This sourceless signal will be automatically connected to value 00000000.
WARNING:Xst:653 - Signal <s_ones> is used but never assigned. This sourceless signal will be automatically connected to value 11111111.
Unit <SAT_Counter> synthesized.


Synthesizing Unit <UART_Synchronizer>.
    Related source file is "C:/Users/Alessandro/Desktop/EFES_Fpga/UartDriver/UART_Synchronizer.vhd".
WARNING:Xst:646 - Signal <s_not_connected> is assigned but never used. This unconnected signal will be trimmed during the optimization process.
Unit <UART_Synchronizer> synthesized.


=========================================================================
HDL Synthesis Report

Macro Statistics
# Registers                                            : 8
 1-bit register                                        : 8
# Xors                                                 : 8
 1-bit xor2                                            : 8

=========================================================================

=========================================================================
*                       Advanced HDL Synthesis                          *
=========================================================================

WARNING:Xst:1290 - Hierarchical block <SYNCH_HW_REG> is unconnected in block <UART_Synchronizer>.
   It will be removed from the design.

=========================================================================
Advanced HDL Synthesis Report

Macro Statistics
# Registers                                            : 8
 Flip-Flops                                            : 8
# Xors                                                 : 8
 1-bit xor2                                            : 8

=========================================================================

=========================================================================
*                         Low Level Synthesis                           *
=========================================================================

Optimizing unit <UART_Synchronizer> ...

Optimizing unit <Comparator> ...

Optimizing unit <UD_COUNTER> ...

Mapping all equations...
Building and optimizing final netlist ...
Found area constraint ratio of 100 (+ 5) on block UART_Synchronizer, actual ratio is 0.

Final Macro Processing ...

=========================================================================
Final Register Report

Macro Statistics
# Registers                                            : 8
 Flip-Flops                                            : 8

=========================================================================

=========================================================================
*                           Partition Report                            *
=========================================================================

Partition Implementation Status
-------------------------------

  No Partitions were found in this design.

-------------------------------

=========================================================================
*                            Final Report                               *
=========================================================================
Final Results
RTL Top Level Output File Name     : UART_Synchronizer.ngr
Top Level Output File Name         : UART_Synchronizer
Output Format                      : NGC
Optimization Goal                  : Speed
Keep Hierarchy                     : No

Design Statistics
# IOs                              : 3

Cell Usage :
# BELS                             : 27
#      INV                         : 8
#      LUT2                        : 2
#      LUT2_L                      : 1
#      LUT3                        : 2
#      LUT3_D                      : 1
#      LUT3_L                      : 1
#      LUT4                        : 9
#      LUT4_D                      : 2
#      LUT4_L                      : 1
# FlipFlops/Latches                : 8
#      FDCE                        : 8
# Clock Buffers                    : 1
#      BUFGP                       : 1
# IO Buffers                       : 2
#      IBUF                        : 1
#      OBUF                        : 1
=========================================================================

Device utilization summary:
---------------------------

Selected Device : 3s500epq208-5 

 Number of Slices:                       12  out of   4656     0%  
 Number of Slice Flip Flops:              8  out of   9312     0%  
 Number of 4 input LUTs:                 27  out of   9312     0%  
 Number of IOs:                           3
 Number of bonded IOBs:                   3  out of    158     1%  
 Number of GCLKs:                         1  out of     24     4%  

---------------------------
Partition Resource Summary:
---------------------------

  No Partitions were found in this design.

---------------------------


=========================================================================
TIMING REPORT

NOTE: THESE TIMING NUMBERS ARE ONLY A SYNTHESIS ESTIMATE.
      FOR ACCURATE TIMING INFORMATION PLEASE REFER TO THE TRACE REPORT
      GENERATED AFTER PLACE-and-ROUTE.

Clock Information:
------------------
-----------------------------------+------------------------+-------+
Clock Signal                       | Clock buffer(FF name)  | Load  |
-----------------------------------+------------------------+-------+
SYNCH_clock                        | BUFGP                  | 8     |
-----------------------------------+------------------------+-------+

Asynchronous Control Signals Information:
----------------------------------------
-----------------------------------+------------------------+-------+
Control Signal                     | Buffer(FF name)        | Load  |
-----------------------------------+------------------------+-------+
SYNCH_reset                        | IBUF                   | 8     |
-----------------------------------+------------------------+-------+

Timing Summary:
---------------
Speed Grade: -5

   Minimum period: 4.748ns (Maximum Frequency: 210.617MHz)
   Minimum input arrival time before clock: 5.634ns
   Maximum output required time after clock: 6.494ns
   Maximum combinational path delay: 6.149ns

Timing Detail:
--------------
All values displayed in nanoseconds (ns)

=========================================================================
Timing constraint: Default period analysis for Clock 'SYNCH_clock'
  Clock period: 4.748ns (frequency: 210.617MHz)
  Total number of paths / destination ports: 94 / 16
-------------------------------------------------------------------------
Delay:               4.748ns (Levels of Logic = 3)
  Source:            SYNCH_CNT/CNT/MAIN_GEN[7].LAST_FF.FF_N/data (FF)
  Destination:       SYNCH_CNT/CNT/MAIN_GEN[7].LAST_FF.FF_N/data (FF)
  Source Clock:      SYNCH_clock rising
  Destination Clock: SYNCH_clock rising

  Data Path: SYNCH_CNT/CNT/MAIN_GEN[7].LAST_FF.FF_N/data to SYNCH_CNT/CNT/MAIN_GEN[7].LAST_FF.FF_N/data
                                Gate     Net
    Cell:in->out      fanout   Delay   Delay  Logical Name (Net Name)
    ----------------------------------------  ------------
     FDCE:C->Q             3   0.514   0.603  SYNCH_CNT/CNT/MAIN_GEN[7].LAST_FF.FF_N/data (SYNCH_CNT/CNT/MAIN_GEN[7].LAST_FF.FF_N/data)
     LUT4_D:I0->O          6   0.612   0.572  SYNCH_CNT/CU/UDC_enable25 (SYNCH_CNT/CU/UDC_enable25)
     LUT4:I3->O            2   0.612   0.383  SYNCH_CNT/CNT/s_toggle_7_and000012 (SYNCH_CNT/CNT/s_toggle<3>)
     LUT4:I3->O            1   0.612   0.357  SYNCH_CNT/CNT/s_toggle_7_and00001 (SYNCH_CNT/CNT/s_toggle<7>)
     FDCE:CE                   0.483          SYNCH_CNT/CNT/MAIN_GEN[7].LAST_FF.FF_N/data
    ----------------------------------------
    Total                      4.748ns (2.833ns logic, 1.915ns route)
                                       (59.7% logic, 40.3% route)

=========================================================================
Timing constraint: Default OFFSET IN BEFORE for Clock 'SYNCH_clock'
  Total number of paths / destination ports: 8 / 8
-------------------------------------------------------------------------
Offset:              5.634ns (Levels of Logic = 4)
  Source:            SYNCH_reset (PAD)
  Destination:       SYNCH_CNT/CNT/MAIN_GEN[7].LAST_FF.FF_N/data (FF)
  Destination Clock: SYNCH_clock rising

  Data Path: SYNCH_reset to SYNCH_CNT/CNT/MAIN_GEN[7].LAST_FF.FF_N/data
                                Gate     Net
    Cell:in->out      fanout   Delay   Delay  Logical Name (Net Name)
    ----------------------------------------  ------------
     IBUF:I->O            13   1.106   0.988  SYNCH_reset_IBUF (SYNCH_reset_IBUF)
     LUT3_D:I0->O          3   0.612   0.481  SYNCH_CNT/CU/UDC_enable40_SW0 (N3)
     LUT4:I2->O            2   0.612   0.383  SYNCH_CNT/CNT/s_toggle_7_and000012 (SYNCH_CNT/CNT/s_toggle<3>)
     LUT4:I3->O            1   0.612   0.357  SYNCH_CNT/CNT/s_toggle_7_and00001 (SYNCH_CNT/CNT/s_toggle<7>)
     FDCE:CE                   0.483          SYNCH_CNT/CNT/MAIN_GEN[7].LAST_FF.FF_N/data
    ----------------------------------------
    Total                      5.634ns (3.425ns logic, 2.209ns route)
                                       (60.8% logic, 39.2% route)

=========================================================================
Timing constraint: Default OFFSET OUT AFTER for Clock 'SYNCH_clock'
  Total number of paths / destination ports: 8 / 1
-------------------------------------------------------------------------
Offset:              6.494ns (Levels of Logic = 3)
  Source:            SYNCH_CNT/CNT/MAIN_GEN[4].SECOND_FF.FF_i/data (FF)
  Destination:       SYNCH_UART_busy (PAD)
  Source Clock:      SYNCH_clock rising

  Data Path: SYNCH_CNT/CNT/MAIN_GEN[4].SECOND_FF.FF_i/data to SYNCH_UART_busy
                                Gate     Net
    Cell:in->out      fanout   Delay   Delay  Logical Name (Net Name)
    ----------------------------------------  ------------
     FDCE:C->Q             6   0.514   0.721  SYNCH_CNT/CNT/MAIN_GEN[4].SECOND_FF.FF_i/data (SYNCH_CNT/CNT/MAIN_GEN[4].SECOND_FF.FF_i/data)
     LUT4:I0->O            1   0.612   0.509  SYNCH_UART_busy28 (SYNCH_UART_busy28)
     LUT4:I0->O            1   0.612   0.357  SYNCH_UART_busy94 (SYNCH_UART_busy_OBUF)
     OBUF:I->O                 3.169          SYNCH_UART_busy_OBUF (SYNCH_UART_busy)
    ----------------------------------------
    Total                      6.494ns (4.907ns logic, 1.587ns route)
                                       (75.6% logic, 24.4% route)

=========================================================================
Timing constraint: Default path analysis
  Total number of paths / destination ports: 1 / 1
-------------------------------------------------------------------------
Delay:               6.149ns (Levels of Logic = 3)
  Source:            SYNCH_reset (PAD)
  Destination:       SYNCH_UART_busy (PAD)

  Data Path: SYNCH_reset to SYNCH_UART_busy
                                Gate     Net
    Cell:in->out      fanout   Delay   Delay  Logical Name (Net Name)
    ----------------------------------------  ------------
     IBUF:I->O            13   1.106   0.905  SYNCH_reset_IBUF (SYNCH_reset_IBUF)
     LUT4:I1->O            1   0.612   0.357  SYNCH_UART_busy94 (SYNCH_UART_busy_OBUF)
     OBUF:I->O                 3.169          SYNCH_UART_busy_OBUF (SYNCH_UART_busy)
    ----------------------------------------
    Total                      6.149ns (4.887ns logic, 1.262ns route)
                                       (79.5% logic, 20.5% route)

=========================================================================


Total REAL time to Xst completion: 6.00 secs
Total CPU time to Xst completion: 5.57 secs
 
--> 

Total memory usage is 190576 kilobytes

Number of errors   :    0 (   0 filtered)
Number of warnings :   31 (   0 filtered)
Number of infos    :    0 (   0 filtered)

